<?xml version="1.0" encoding="UTF-8"?>
<testng-results skipped="0" failed="0" total="6" passed="6">
  <reporter-output>
  </reporter-output>
  <suite name="Suite" duration-ms="8413" started-at="2019-02-11T08:16:36Z" finished-at="2019-02-11T08:16:45Z">
    <groups>
    </groups>
    <test name="Test" duration-ms="8413" started-at="2019-02-11T08:16:36Z" finished-at="2019-02-11T08:16:45Z">
      <class name="in.reqres.GetSingleUserTest">
        <test-method status="PASS" signature="initializeObjectFactory()[pri:0, instance:in.reqres.GetSingleUserTest@5419f379]" name="initializeObjectFactory" is-config="true" duration-ms="0" started-at="2019-02-11T13:46:39Z" finished-at="2019-02-11T13:46:39Z">
          <reporter-output>
          </reporter-output>
        </test-method> <!-- initializeObjectFactory -->
        <test-method status="PASS" signature="get_user_with_userID_test1()[pri:0, instance:in.reqres.GetSingleUserTest@5419f379]" name="get_user_with_userID_test1" duration-ms="637" started-at="2019-02-11T13:46:39Z" finished-at="2019-02-11T13:46:39Z">
          <reporter-output>
          </reporter-output>
        </test-method> <!-- get_user_with_userID_test1 -->
      </class> <!-- in.reqres.GetSingleUserTest -->
      <class name="in.reqres.GetUsersListTest">
        <test-method status="PASS" signature="initializeObjectFactory()[pri:0, instance:in.reqres.GetUsersListTest@5d5eef3d]" name="initializeObjectFactory" is-config="true" duration-ms="10" started-at="2019-02-11T13:46:36Z" finished-at="2019-02-11T13:46:36Z">
          <reporter-output>
          </reporter-output>
        </test-method> <!-- initializeObjectFactory -->
        <test-method status="PASS" signature="getUsersTest1()[pri:0, instance:in.reqres.GetUsersListTest@5d5eef3d]" name="getUsersTest1" duration-ms="2412" started-at="2019-02-11T13:46:36Z" finished-at="2019-02-11T13:46:39Z">
          <reporter-output>
          </reporter-output>
        </test-method> <!-- getUsersTest1 -->
      </class> <!-- in.reqres.GetUsersListTest -->
      <class name="com.rest_test.TestClass">
        <test-method status="PASS" signature="initializeObjectFactory()[pri:0, instance:com.rest_test.TestClass@4520ebad]" name="initializeObjectFactory" is-config="true" duration-ms="0" started-at="2019-02-11T13:46:39Z" finished-at="2019-02-11T13:46:39Z">
          <reporter-output>
          </reporter-output>
        </test-method> <!-- initializeObjectFactory -->
        <test-method status="PASS" signature="sampleTest()[pri:0, instance:com.rest_test.TestClass@4520ebad]" name="sampleTest" duration-ms="1560" started-at="2019-02-11T13:46:39Z" finished-at="2019-02-11T13:46:41Z">
          <reporter-output>
          </reporter-output>
        </test-method> <!-- sampleTest -->
        <test-method status="PASS" signature="sampleTest2()[pri:0, instance:com.rest_test.TestClass@4520ebad]" name="sampleTest2" duration-ms="1302" started-at="2019-02-11T13:46:41Z" finished-at="2019-02-11T13:46:42Z">
          <reporter-output>
          </reporter-output>
        </test-method> <!-- sampleTest2 -->
        <test-method status="PASS" signature="sampleTest3()[pri:0, instance:com.rest_test.TestClass@4520ebad]" name="sampleTest3" duration-ms="1226" started-at="2019-02-11T13:46:42Z" finished-at="2019-02-11T13:46:43Z">
          <reporter-output>
          </reporter-output>
        </test-method> <!-- sampleTest3 -->
        <test-method status="PASS" signature="sampleTest4()[pri:0, instance:com.rest_test.TestClass@4520ebad]" name="sampleTest4" duration-ms="1233" started-at="2019-02-11T13:46:43Z" finished-at="2019-02-11T13:46:45Z">
          <reporter-output>
          </reporter-output>
        </test-method> <!-- sampleTest4 -->
      </class> <!-- com.rest_test.TestClass -->
    </test> <!-- Test -->
  </suite> <!-- Suite -->
</testng-results>
