<?xml version="1.0" encoding="UTF-8"?>
<testng-results skipped="0" failed="0" total="6" passed="6">
  <reporter-output>
  </reporter-output>
  <suite name="Suite" duration-ms="6824" started-at="2019-03-06T10:40:19Z" finished-at="2019-03-06T10:40:26Z">
    <groups>
      <group name="reqrestest">
        <method signature="GetUsersListTest.getUsersTest1()[pri:0, instance:com.reqres.GetUsersListTest@5d5eef3d]" name="getUsersTest1" class="com.reqres.GetUsersListTest"/>
      </group> <!-- reqrestest -->
      <group name="gettest">
        <method signature="GetUsersListTest.getUsersTest1()[pri:0, instance:com.reqres.GetUsersListTest@5d5eef3d]" name="getUsersTest1" class="com.reqres.GetUsersListTest"/>
      </group> <!-- gettest -->
    </groups>
    <test name="Test" duration-ms="6824" started-at="2019-03-06T10:40:19Z" finished-at="2019-03-06T10:40:26Z">
      <class name="com.reqres.GetSingleUserTest">
        <test-method status="PASS" signature="initializeObjectFactory()[pri:0, instance:com.reqres.GetSingleUserTest@5419f379]" name="initializeObjectFactory" is-config="true" duration-ms="0" started-at="2019-03-06T16:10:21Z" finished-at="2019-03-06T16:10:21Z">
          <reporter-output>
          </reporter-output>
        </test-method> <!-- initializeObjectFactory -->
        <test-method status="PASS" signature="get_user_with_userID_test1()[pri:0, instance:com.reqres.GetSingleUserTest@5419f379]" name="get_user_with_userID_test1" duration-ms="782" started-at="2019-03-06T16:10:21Z" finished-at="2019-03-06T16:10:22Z">
          <reporter-output>
          </reporter-output>
        </test-method> <!-- get_user_with_userID_test1 -->
      </class> <!-- com.reqres.GetSingleUserTest -->
      <class name="com.reqres.GetUsersListTest">
        <test-method status="PASS" signature="initializeObjectFactory()[pri:0, instance:com.reqres.GetUsersListTest@5d5eef3d]" name="initializeObjectFactory" is-config="true" duration-ms="10" started-at="2019-03-06T16:10:19Z" finished-at="2019-03-06T16:10:19Z">
          <reporter-output>
          </reporter-output>
        </test-method> <!-- initializeObjectFactory -->
        <test-method status="PASS" signature="getUsersTest1()[pri:0, instance:com.reqres.GetUsersListTest@5d5eef3d]" name="getUsersTest1" duration-ms="2341" started-at="2019-03-06T16:10:19Z" finished-at="2019-03-06T16:10:21Z">
          <reporter-output>
          </reporter-output>
        </test-method> <!-- getUsersTest1 -->
      </class> <!-- com.reqres.GetUsersListTest -->
      <class name="com.insta.TestClass">
        <test-method status="PASS" signature="initializeObjectFactory()[pri:0, instance:com.insta.TestClass@4520ebad]" name="initializeObjectFactory" is-config="true" duration-ms="1" started-at="2019-03-06T16:10:22Z" finished-at="2019-03-06T16:10:22Z">
          <reporter-output>
          </reporter-output>
        </test-method> <!-- initializeObjectFactory -->
        <test-method status="PASS" signature="sampleTest()[pri:0, instance:com.insta.TestClass@4520ebad]" name="sampleTest" duration-ms="928" started-at="2019-03-06T16:10:22Z" finished-at="2019-03-06T16:10:23Z">
          <reporter-output>
          </reporter-output>
        </test-method> <!-- sampleTest -->
        <test-method status="PASS" signature="sampleTest2()[pri:0, instance:com.insta.TestClass@4520ebad]" name="sampleTest2" duration-ms="905" started-at="2019-03-06T16:10:23Z" finished-at="2019-03-06T16:10:24Z">
          <reporter-output>
          </reporter-output>
        </test-method> <!-- sampleTest2 -->
        <test-method status="PASS" signature="sampleTest3()[pri:0, instance:com.insta.TestClass@4520ebad]" name="sampleTest3" duration-ms="932" started-at="2019-03-06T16:10:24Z" finished-at="2019-03-06T16:10:25Z">
          <reporter-output>
          </reporter-output>
        </test-method> <!-- sampleTest3 -->
        <test-method status="PASS" signature="sampleTest4()[pri:0, instance:com.insta.TestClass@4520ebad]" name="sampleTest4" duration-ms="903" started-at="2019-03-06T16:10:25Z" finished-at="2019-03-06T16:10:26Z">
          <reporter-output>
          </reporter-output>
        </test-method> <!-- sampleTest4 -->
      </class> <!-- com.insta.TestClass -->
    </test> <!-- Test -->
  </suite> <!-- Suite -->
</testng-results>
