<?xml version="1.0" encoding="UTF-8"?>
<!-- Generated by org.testng.reporters.JUnitXMLReporter -->
<testsuite hostname="WL356005" name="Test" tests="6" failures="0" timestamp="11 Feb 2019 08:16:45 GMT" time="8.413" errors="0">
  <testcase name="getUsersTest1" time="2.412" classname="in.reqres.GetUsersListTest"/>
  <testcase name="get_user_with_userID_test1" time="0.637" classname="in.reqres.GetSingleUserTest"/>
  <testcase name="sampleTest" time="1.56" classname="com.rest_test.TestClass"/>
  <testcase name="sampleTest2" time="1.302" classname="com.rest_test.TestClass"/>
  <testcase name="sampleTest3" time="1.226" classname="com.rest_test.TestClass"/>
  <testcase name="sampleTest4" time="1.233" classname="com.rest_test.TestClass"/>
</testsuite> <!-- Test -->
