<?xml version="1.0" encoding="UTF-8"?>
<!-- Generated by org.testng.reporters.JUnitXMLReporter -->
<testsuite hostname="WL356005" name="Test" tests="6" failures="0" timestamp="6 Mar 2019 10:40:26 GMT" time="6.824" errors="0">
  <testcase name="getUsersTest1" time="2.341" classname="com.reqres.GetUsersListTest"/>
  <testcase name="get_user_with_userID_test1" time="0.782" classname="com.reqres.GetSingleUserTest"/>
  <testcase name="sampleTest" time="0.928" classname="com.insta.TestClass"/>
  <testcase name="sampleTest2" time="0.905" classname="com.insta.TestClass"/>
  <testcase name="sampleTest3" time="0.932" classname="com.insta.TestClass"/>
  <testcase name="sampleTest4" time="0.903" classname="com.insta.TestClass"/>
</testsuite> <!-- Test -->
