<?xml version="1.0" encoding="UTF-8"?>
<!-- Generated by org.testng.reporters.JUnitXMLReporter -->
<testsuite hostname="WL356005" name="Test" tests="4" failures="0" timestamp="8 Feb 2019 13:27:17 GMT" time="5.388" errors="0">
  <testcase name="sampleTest" time="2.594" classname="com.rest_test.TestClass"/>
  <testcase name="sampleTest2" time="0.923" classname="com.rest_test.TestClass"/>
  <testcase name="sampleTest3" time="0.907" classname="com.rest_test.TestClass"/>
  <testcase name="sampleTest4" time="0.945" classname="com.rest_test.TestClass"/>
</testsuite> <!-- Test -->
